<?xml version="1.0" encoding="UTF-8"?>
<testsuite xmlns:xsi="http://www.w3.org/2001/XMLSchema-instance" xsi:noNamespaceSchemaLocation="https://maven.apache.org/surefire/maven-surefire-plugin/xsd/surefire-test-report.xsd" name="com.ccb.springboot.springbootmybatis01.SpringbootMybatis01ApplicationTests" time="8.239" tests="1" errors="1" skipped="0" failures="0">
  <properties>
[...]
</properties>
  <testcase name="contextLoads" classname="com.ccb.springboot.springbootmybatis01.SpringbootMybatis01ApplicationTests" time="0.004">
    <error message="Failed to load ApplicationContext" type="java.lang.IllegalStateException">java.lang.IllegalStateException: Failed to load ApplicationContext
Caused by: org.springframework.beans.factory.BeanCreationException: Error creating bean with name 'dataSource' defined in class path resource [com/alibaba/druid/spring/boot/autoconfigure/DruidDataSourceAutoConfigure.class]: Invocation of init method failed; nested exception is org.springframework.boot.autoconfigure.jdbc.DataSourceProperties$DataSourceBeanCreationException: Failed to determine a suitable driver class
Caused by: org.springframework.boot.autoconfigure.jdbc.DataSourceProperties$DataSourceBeanCreationException: Failed to determine a suitable driver class
</error>
    <system-out><![CDATA[17:53:37.101 [main] DEBUG org.springframework.test.context.junit4.SpringJUnit4ClassRunner - SpringJUnit4ClassRunner constructor called with [class com.ccb.springboot.springbootmybatis01.SpringbootMybatis01ApplicationTests]
17:53:37.120 [main] DEBUG org.springframework.test.context.BootstrapUtils - Instantiating CacheAwareContextLoaderDelegate from class [org.springframework.test.context.cache.DefaultCacheAwareContextLoaderDelegate]
17:53:37.330 [main] DEBUG org.springframework.test.context.BootstrapUtils - Instantiating BootstrapContext using constructor [public org.springframework.test.context.support.DefaultBootstrapContext(java.lang.Class,org.springframework.test.context.CacheAwareContextLoaderDelegate)]
17:53:37.405 [main] DEBUG org.springframework.test.context.BootstrapUtils - Instantiating TestContextBootstrapper for test class [com.ccb.springboot.springbootmybatis01.SpringbootMybatis01ApplicationTests] from class [org.springframework.boot.test.context.SpringBootTestContextBootstrapper]
17:53:37.609 [main] INFO org.springframework.boot.test.context.SpringBootTestContextBootstrapper - Neither @ContextConfiguration nor @ContextHierarchy found for test class [com.ccb.springboot.springbootmybatis01.SpringbootMybatis01ApplicationTests], using SpringBootContextLoader
17:53:37.618 [main] DEBUG org.springframework.test.context.support.AbstractContextLoader - Did not detect default resource location for test class [com.ccb.springboot.springbootmybatis01.SpringbootMybatis01ApplicationTests]: class path resource [com/ccb/springboot/springbootmybatis01/SpringbootMybatis01ApplicationTests-context.xml] does not exist
17:53:37.627 [main] DEBUG org.springframework.test.context.support.AbstractContextLoader - Did not detect default resource location for test class [com.ccb.springboot.springbootmybatis01.SpringbootMybatis01ApplicationTests]: class path resource [com/ccb/springboot/springbootmybatis01/SpringbootMybatis01ApplicationTestsContext.groovy] does not exist
17:53:37.627 [main] INFO org.springframework.test.context.support.AbstractContextLoader - Could not detect default resource locations for test class [com.ccb.springboot.springbootmybatis01.SpringbootMybatis01ApplicationTests]: no resource found for suffixes {-context.xml, Context.groovy}.
17:53:37.633 [main] INFO org.springframework.test.context.support.AnnotationConfigContextLoaderUtils - Could not detect default configuration classes for test class [com.ccb.springboot.springbootmybatis01.SpringbootMybatis01ApplicationTests]: SpringbootMybatis01ApplicationTests does not declare any static, non-private, non-final, nested classes annotated with @Configuration.
17:53:37.811 [main] DEBUG org.springframework.test.context.support.ActiveProfilesUtils - Could not find an 'annotation declaring class' for annotation type [org.springframework.test.context.ActiveProfiles] and class [com.ccb.springboot.springbootmybatis01.SpringbootMybatis01ApplicationTests]
17:53:38.002 [main] DEBUG org.springframework.core.env.StandardEnvironment - Adding PropertySource 'systemProperties' with lowest search precedence
17:53:38.003 [main] DEBUG org.springframework.core.env.StandardEnvironment - Adding PropertySource 'systemEnvironment' with lowest search precedence
17:53:38.004 [main] DEBUG org.springframework.core.env.StandardEnvironment - Initialized StandardEnvironment with PropertySources [MapPropertySource@770911223 {name='systemProperties', properties={idea.version=2018.3, java.runtime.name=Java(TM) SE Runtime Environment, sun.boot.library.path=C:\Program Files\Java\jdk1.8.0_131\jre\bin, java.vm.version=25.131-b11, java.vm.vendor=Oracle Corporation, java.vendor.url=http://java.oracle.com/, path.separator=;, java.vm.name=Java HotSpot(TM) 64-Bit Server VM, file.encoding.pkg=sun.io, user.country=CN, user.script=, sun.java.launcher=SUN_STANDARD, sun.os.patch.level=Service Pack 1, java.vm.specification.name=Java Virtual Machine Specification, user.dir=C:\Users\Administrator\Desktop\Spring-Boot-Project\springboot-mybatis-01, java.runtime.version=1.8.0_131-b11, basedir=C:\Users\Administrator\Desktop\Spring-Boot-Project\springboot-mybatis-01, java.awt.graphicsenv=sun.awt.Win32GraphicsEnvironment, java.endorsed.dirs=C:\Program Files\Java\jdk1.8.0_131\jre\lib\endorsed, os.arch=amd64, surefire.real.class.path=C:\Users\ADMINI~1\AppData\Local\Temp\surefire8151130355159628786\surefirebooter2350240439634159989.jar, java.io.tmpdir=C:\Users\ADMINI~1\AppData\Local\Temp\, line.separator=
, java.vm.specification.vendor=Oracle Corporation, user.variant=, os.name=Windows 7, sun.jnu.encoding=GBK, java.library.path=C:\Program Files\Java\jdk1.8.0_131\jre\bin;C:\Windows\Sun\Java\bin;C:\Windows\system32;C:\Windows;F:\app\Administrator\product\11.2.0\dbhome_1\bin;C:\Program Files\Java\jdk1.8.0_20\bin;C:\Windows\system32;C:\Windows;C:\Windows\system32\wbem;C:\Program Files\TortoiseSVN\bin;C:\Program Files\MySQL\MySQL Server 5.7\bin\;%SystemRoot\system32;C:\Windows;D:\Maven\apache-maven-3.5.0\bin;D:\Program Files\Git\cmd;D:\Programs\Python\Python36\Scripts\;D:\Programs\Python\Python36\;C:\Users\Administrator\AppData\Roaming\npm;., surefire.test.class.path=C:\Users\Administrator\Desktop\Spring-Boot-Project\springboot-mybatis-01\target\test-classes;C:\Users\Administrator\Desktop\Spring-Boot-Project\springboot-mybatis-01\target\classes;D:\Maven\.m2\repository\org\mybatis\spring\boot\mybatis-spring-boot-starter\1.3.2\mybatis-spring-boot-starter-1.3.2.jar;D:\Maven\.m2\repository\org\springframework\boot\spring-boot-starter\2.0.7.RELEASE\spring-boot-starter-2.0.7.RELEASE.jar;D:\Maven\.m2\repository\org\springframework\boot\spring-boot\2.0.7.RELEASE\spring-boot-2.0.7.RELEASE.jar;D:\Maven\.m2\repository\org\springframework\spring-context\5.0.11.RELEASE\spring-context-5.0.11.RELEASE.jar;D:\Maven\.m2\repository\org\springframework\spring-aop\5.0.11.RELEASE\spring-aop-5.0.11.RELEASE.jar;D:\Maven\.m2\repository\org\springframework\spring-expression\5.0.11.RELEASE\spring-expression-5.0.11.RELEASE.jar;D:\Maven\.m2\repository\org\springframework\boot\spring-boot-starter-logging\2.0.7.RELEASE\spring-boot-starter-logging-2.0.7.RELEASE.jar;D:\Maven\.m2\repository\ch\qos\logback\logback-classic\1.2.3\logback-classic-1.2.3.jar;D:\Maven\.m2\repository\ch\qos\logback\logback-core\1.2.3\logback-core-1.2.3.jar;D:\Maven\.m2\repository\org\apache\logging\log4j\log4j-to-slf4j\2.10.0\log4j-to-slf4j-2.10.0.jar;D:\Maven\.m2\repository\org\apache\logging\log4j\log4j-api\2.10.0\log4j-api-2.10.0.jar;D:\Maven\.m2\repository\org\slf4j\jul-to-slf4j\1.7.25\jul-to-slf4j-1.7.25.jar;D:\Maven\.m2\repository\javax\annotation\javax.annotation-api\1.3.2\javax.annotation-api-1.3.2.jar;D:\Maven\.m2\repository\org\yaml\snakeyaml\1.19\snakeyaml-1.19.jar;D:\Maven\.m2\repository\org\springframework\boot\spring-boot-starter-jdbc\2.0.7.RELEASE\spring-boot-starter-jdbc-2.0.7.RELEASE.jar;D:\Maven\.m2\repository\com\zaxxer\HikariCP\2.7.9\HikariCP-2.7.9.jar;D:\Maven\.m2\repository\org\springframework\spring-jdbc\5.0.11.RELEASE\spring-jdbc-5.0.11.RELEASE.jar;D:\Maven\.m2\repository\org\springframework\spring-beans\5.0.11.RELEASE\spring-beans-5.0.11.RELEASE.jar;D:\Maven\.m2\repository\org\springframework\spring-tx\5.0.11.RELEASE\spring-tx-5.0.11.RELEASE.jar;D:\Maven\.m2\repository\org\mybatis\spring\boot\mybatis-spring-boot-autoconfigure\1.3.2\mybatis-spring-boot-autoconfigure-1.3.2.jar;D:\Maven\.m2\repository\org\mybatis\mybatis\3.4.6\mybatis-3.4.6.jar;D:\Maven\.m2\repository\org\mybatis\mybatis-spring\1.3.2\mybatis-spring-1.3.2.jar;D:\Maven\.m2\repository\mysql\mysql-connector-java\5.1.47\mysql-connector-java-5.1.47.jar;D:\Maven\.m2\repository\org\springframework\boot\spring-boot-starter-test\2.0.7.RELEASE\spring-boot-starter-test-2.0.7.RELEASE.jar;D:\Maven\.m2\repository\org\springframework\boot\spring-boot-test\2.0.7.RELEASE\spring-boot-test-2.0.7.RELEASE.jar;D:\Maven\.m2\repository\org\springframework\boot\spring-boot-test-autoconfigure\2.0.7.RELEASE\spring-boot-test-autoconfigure-2.0.7.RELEASE.jar;D:\Maven\.m2\repository\com\jayway\jsonpath\json-path\2.4.0\json-path-2.4.0.jar;D:\Maven\.m2\repository\net\minidev\json-smart\2.3\json-smart-2.3.jar;D:\Maven\.m2\repository\net\minidev\accessors-smart\1.2\accessors-smart-1.2.jar;D:\Maven\.m2\repository\org\ow2\asm\asm\5.0.4\asm-5.0.4.jar;D:\Maven\.m2\repository\junit\junit\4.12\junit-4.12.jar;D:\Maven\.m2\repository\org\assertj\assertj-core\3.9.1\assertj-core-3.9.1.jar;D:\Maven\.m2\repository\org\mockito\mockito-core\2.15.0\mockito-core-2.15.0.jar;D:\Maven\.m2\repository\net\bytebuddy\byte-buddy\1.7.11\byte-buddy-1.7.11.jar;D:\Maven\.m2\repository\net\bytebuddy\byte-buddy-agent\1.7.11\byte-buddy-agent-1.7.11.jar;D:\Maven\.m2\repository\org\objenesis\objenesis\2.6\objenesis-2.6.jar;D:\Maven\.m2\repository\org\hamcrest\hamcrest-core\1.3\hamcrest-core-1.3.jar;D:\Maven\.m2\repository\org\hamcrest\hamcrest-library\1.3\hamcrest-library-1.3.jar;D:\Maven\.m2\repository\org\skyscreamer\jsonassert\1.5.0\jsonassert-1.5.0.jar;D:\Maven\.m2\repository\com\vaadin\external\google\android-json\0.0.20131108.vaadin1\android-json-0.0.20131108.vaadin1.jar;D:\Maven\.m2\repository\org\springframework\spring-core\5.0.11.RELEASE\spring-core-5.0.11.RELEASE.jar;D:\Maven\.m2\repository\org\springframework\spring-jcl\5.0.11.RELEASE\spring-jcl-5.0.11.RELEASE.jar;D:\Maven\.m2\repository\org\springframework\spring-test\5.0.11.RELEASE\spring-test-5.0.11.RELEASE.jar;D:\Maven\.m2\repository\org\xmlunit\xmlunit-core\2.5.1\xmlunit-core-2.5.1.jar;D:\Maven\.m2\repository\com\alibaba\druid-spring-boot-starter\1.1.9\druid-spring-boot-starter-1.1.9.jar;D:\Maven\.m2\repository\com\alibaba\druid\1.1.9\druid-1.1.9.jar;D:\Maven\.m2\repository\org\slf4j\slf4j-api\1.7.25\slf4j-api-1.7.25.jar;D:\Maven\.m2\repository\org\springframework\boot\spring-boot-autoconfigure\2.0.7.RELEASE\spring-boot-autoconfigure-2.0.7.RELEASE.jar;, java.specification.name=Java Platform API Specification, java.class.version=52.0, sun.management.compiler=HotSpot 64-Bit Tiered Compilers, os.version=6.1, user.home=C:\Users\Administrator, user.timezone=Asia/Shanghai, java.awt.printerjob=sun.awt.windows.WPrinterJob, file.encoding=GBK, java.specification.version=1.8, java.class.path=C:\Users\Administrator\Desktop\Spring-Boot-Project\springboot-mybatis-01\target\test-classes;C:\Users\Administrator\Desktop\Spring-Boot-Project\springboot-mybatis-01\target\classes;D:\Maven\.m2\repository\org\mybatis\spring\boot\mybatis-spring-boot-starter\1.3.2\mybatis-spring-boot-starter-1.3.2.jar;D:\Maven\.m2\repository\org\springframework\boot\spring-boot-starter\2.0.7.RELEASE\spring-boot-starter-2.0.7.RELEASE.jar;D:\Maven\.m2\repository\org\springframework\boot\spring-boot\2.0.7.RELEASE\spring-boot-2.0.7.RELEASE.jar;D:\Maven\.m2\repository\org\springframework\spring-context\5.0.11.RELEASE\spring-context-5.0.11.RELEASE.jar;D:\Maven\.m2\repository\org\springframework\spring-aop\5.0.11.RELEASE\spring-aop-5.0.11.RELEASE.jar;D:\Maven\.m2\repository\org\springframework\spring-expression\5.0.11.RELEASE\spring-expression-5.0.11.RELEASE.jar;D:\Maven\.m2\repository\org\springframework\boot\spring-boot-starter-logging\2.0.7.RELEASE\spring-boot-starter-logging-2.0.7.RELEASE.jar;D:\Maven\.m2\repository\ch\qos\logback\logback-classic\1.2.3\logback-classic-1.2.3.jar;D:\Maven\.m2\repository\ch\qos\logback\logback-core\1.2.3\logback-core-1.2.3.jar;D:\Maven\.m2\repository\org\apache\logging\log4j\log4j-to-slf4j\2.10.0\log4j-to-slf4j-2.10.0.jar;D:\Maven\.m2\repository\org\apache\logging\log4j\log4j-api\2.10.0\log4j-api-2.10.0.jar;D:\Maven\.m2\repository\org\slf4j\jul-to-slf4j\1.7.25\jul-to-slf4j-1.7.25.jar;D:\Maven\.m2\repository\javax\annotation\javax.annotation-api\1.3.2\javax.annotation-api-1.3.2.jar;D:\Maven\.m2\repository\org\yaml\snakeyaml\1.19\snakeyaml-1.19.jar;D:\Maven\.m2\repository\org\springframework\boot\spring-boot-starter-jdbc\2.0.7.RELEASE\spring-boot-starter-jdbc-2.0.7.RELEASE.jar;D:\Maven\.m2\repository\com\zaxxer\HikariCP\2.7.9\HikariCP-2.7.9.jar;D:\Maven\.m2\repository\org\springframework\spring-jdbc\5.0.11.RELEASE\spring-jdbc-5.0.11.RELEASE.jar;D:\Maven\.m2\repository\org\springframework\spring-beans\5.0.11.RELEASE\spring-beans-5.0.11.RELEASE.jar;D:\Maven\.m2\repository\org\springframework\spring-tx\5.0.11.RELEASE\spring-tx-5.0.11.RELEASE.jar;D:\Maven\.m2\repository\org\mybatis\spring\boot\mybatis-spring-boot-autoconfigure\1.3.2\mybatis-spring-boot-autoconfigure-1.3.2.jar;D:\Maven\.m2\repository\org\mybatis\mybatis\3.4.6\mybatis-3.4.6.jar;D:\Maven\.m2\repository\org\mybatis\mybatis-spring\1.3.2\mybatis-spring-1.3.2.jar;D:\Maven\.m2\repository\mysql\mysql-connector-java\5.1.47\mysql-connector-java-5.1.47.jar;D:\Maven\.m2\repository\org\springframework\boot\spring-boot-starter-test\2.0.7.RELEASE\spring-boot-starter-test-2.0.7.RELEASE.jar;D:\Maven\.m2\repository\org\springframework\boot\spring-boot-test\2.0.7.RELEASE\spring-boot-test-2.0.7.RELEASE.jar;D:\Maven\.m2\repository\org\springframework\boot\spring-boot-test-autoconfigure\2.0.7.RELEASE\spring-boot-test-autoconfigure-2.0.7.RELEASE.jar;D:\Maven\.m2\repository\com\jayway\jsonpath\json-path\2.4.0\json-path-2.4.0.jar;D:\Maven\.m2\repository\net\minidev\json-smart\2.3\json-smart-2.3.jar;D:\Maven\.m2\repository\net\minidev\accessors-smart\1.2\accessors-smart-1.2.jar;D:\Maven\.m2\repository\org\ow2\asm\asm\5.0.4\asm-5.0.4.jar;D:\Maven\.m2\repository\junit\junit\4.12\junit-4.12.jar;D:\Maven\.m2\repository\org\assertj\assertj-core\3.9.1\assertj-core-3.9.1.jar;D:\Maven\.m2\repository\org\mockito\mockito-core\2.15.0\mockito-core-2.15.0.jar;D:\Maven\.m2\repository\net\bytebuddy\byte-buddy\1.7.11\byte-buddy-1.7.11.jar;D:\Maven\.m2\repository\net\bytebuddy\byte-buddy-agent\1.7.11\byte-buddy-agent-1.7.11.jar;D:\Maven\.m2\repository\org\objenesis\objenesis\2.6\objenesis-2.6.jar;D:\Maven\.m2\repository\org\hamcrest\hamcrest-core\1.3\hamcrest-core-1.3.jar;D:\Maven\.m2\repository\org\hamcrest\hamcrest-library\1.3\hamcrest-library-1.3.jar;D:\Maven\.m2\repository\org\skyscreamer\jsonassert\1.5.0\jsonassert-1.5.0.jar;D:\Maven\.m2\repository\com\vaadin\external\google\android-json\0.0.20131108.vaadin1\android-json-0.0.20131108.vaadin1.jar;D:\Maven\.m2\repository\org\springframework\spring-core\5.0.11.RELEASE\spring-core-5.0.11.RELEASE.jar;D:\Maven\.m2\repository\org\springframework\spring-jcl\5.0.11.RELEASE\spring-jcl-5.0.11.RELEASE.jar;D:\Maven\.m2\repository\org\springframework\spring-test\5.0.11.RELEASE\spring-test-5.0.11.RELEASE.jar;D:\Maven\.m2\repository\org\xmlunit\xmlunit-core\2.5.1\xmlunit-core-2.5.1.jar;D:\Maven\.m2\repository\com\alibaba\druid-spring-boot-starter\1.1.9\druid-spring-boot-starter-1.1.9.jar;D:\Maven\.m2\repository\com\alibaba\druid\1.1.9\druid-1.1.9.jar;D:\Maven\.m2\repository\org\slf4j\slf4j-api\1.7.25\slf4j-api-1.7.25.jar;D:\Maven\.m2\repository\org\springframework\boot\spring-boot-autoconfigure\2.0.7.RELEASE\spring-boot-autoconfigure-2.0.7.RELEASE.jar;, user.name=Administrator, java.vm.specification.version=1.8, sun.java.command=C:\Users\ADMINI~1\AppData\Local\Temp\surefire8151130355159628786\surefirebooter2350240439634159989.jar C:\Users\Administrator\AppData\Local\Temp\surefire8151130355159628786 2018-12-12T17-53-30_001-jvmRun1 surefire4289793941222093211tmp surefire_04895210470924724695tmp, java.home=C:\Program Files\Java\jdk1.8.0_131\jre, sun.arch.data.model=64, user.language=zh, java.specification.vendor=Oracle Corporation, awt.toolkit=sun.awt.windows.WToolkit, java.vm.info=mixed mode, java.version=1.8.0_131, java.ext.dirs=C:\Program Files\Java\jdk1.8.0_131\jre\lib\ext;C:\Windows\Sun\Java\lib\ext, sun.boot.class.path=C:\Program Files\Java\jdk1.8.0_131\jre\lib\resources.jar;C:\Program Files\Java\jdk1.8.0_131\jre\lib\rt.jar;C:\Program Files\Java\jdk1.8.0_131\jre\lib\sunrsasign.jar;C:\Program Files\Java\jdk1.8.0_131\jre\lib\jsse.jar;C:\Program Files\Java\jdk1.8.0_131\jre\lib\jce.jar;C:\Program Files\Java\jdk1.8.0_131\jre\lib\charsets.jar;C:\Program Files\Java\jdk1.8.0_131\jre\lib\jfr.jar;C:\Program Files\Java\jdk1.8.0_131\jre\classes, java.vendor=Oracle Corporation, localRepository=D:\Maven\.m2\repository, file.separator=\, java.vendor.url.bug=http://bugreport.sun.com/bugreport/, sun.io.unicode.encoding=UnicodeLittle, sun.cpu.endian=little, sun.desktop=windows, sun.cpu.isalist=amd64}}, SystemEnvironmentPropertySource@1392906938 {name='systemEnvironment', properties={PATH=F:\app\Administrator\product\11.2.0\dbhome_1\bin;C:\Program Files\Java\jdk1.8.0_20\bin;C:\Windows\system32;C:\Windows;C:\Windows\system32\wbem;C:\Program Files\TortoiseSVN\bin;C:\Program Files\MySQL\MySQL Server 5.7\bin\;%SystemRoot\system32;C:\Windows;D:\Maven\apache-maven-3.5.0\bin;D:\Program Files\Git\cmd;D:\Programs\Python\Python36\Scripts\;D:\Programs\Python\Python36\;C:\Users\Administrator\AppData\Roaming\npm, LOCALAPPDATA=C:\Users\Administrator\AppData\Local, PROCESSOR_LEVEL=6, SYSTEMDRIVE=C:, COMMONPROGRAMFILES(X86)=C:\Program Files (x86)\Common Files, FP_NO_HOST_CHECK=NO, USERDOMAIN=DEEP-1706091655, LOGONSERVER=\\DEEP-1706091655, JAVA_HOME=C:\Program Files\Java\jdk1.8.0_20, PROMPT=$P$G, SESSIONNAME=Console, ALLUSERSPROFILE=C:\ProgramData, PROGRAMFILES(X86)=C:\Program Files (x86), PROCESSOR_ARCHITECTURE=AMD64, ANT_HOME=D:\apache-ant-1.10.1, MAVEN_HOME=D:\Maven\apache-maven-3.5.0, PROGRAMFILES=C:\Program Files, WINDOWS_TRACING_FLAGS=3, =C:=C:\Users\Administrator\Desktop\Spring-Boot-Project\springboot-mybatis-01, APPDATA=C:\Users\Administrator\AppData\Roaming, PSMODULEPATH=C:\Windows\system32\WindowsPowerShell\v1.0\Modules\, PROGRAMW6432=C:\Program Files, PROGRAMDATA=C:\ProgramData, SYSTEMROOT=C:\Windows, USERNAME=Administrator, TOMCAT_HOME=C:\Program Files\Apache Software Foundation\Tomcat 7.0, PATHEXT=.COM;.EXE;.BAT;.CMD;.VBS;.VBE;.JS;.JSE;.WSF;.WSH;.MSC, OS=Windows_NT, COMMONPROGRAMW6432=C:\Program Files\Common Files, COMPUTERNAME=DEEP-1706091655, COMMONPROGRAMFILES=C:\Program Files\Common Files, COMSPEC=C:\Windows\system32\cmd.exe, PROCESSOR_REVISION=2505, CLASSPATH=.;C:\Program Files\Java\jdk1.8.0_20\lib;C:\Program Files\Java\jdk1.8.0_20\lib\tools.jar, DEVMGR_SHOW_DETAILS=1, WINDIR=C:\Windows, HOMEPATH=\Users\Administrator, TEMP=C:\Users\ADMINI~1\AppData\Local\Temp, HOMEDRIVE=C:, PROCESSOR_IDENTIFIER=Intel64 Family 6 Model 37 Stepping 5, GenuineIntel, USERPROFILE=C:\Users\Administrator, TMP=C:\Users\ADMINI~1\AppData\Local\Temp, WINDOWS_TRACING_LOGFILE=C:\BVTBin\Tests\installpackage\csilogfile.log, PUBLIC=C:\Users\Public, NUMBER_OF_PROCESSORS=4}}]
17:53:38.143 [main] DEBUG org.springframework.core.io.support.PathMatchingResourcePatternResolver - Resolved classpath location [com/ccb/springboot/springbootmybatis01/] to resources [URL [file:/C:/Users/Administrator/Desktop/Spring-Boot-Project/springboot-mybatis-01/target/test-classes/com/ccb/springboot/springbootmybatis01/], URL [file:/C:/Users/Administrator/Desktop/Spring-Boot-Project/springboot-mybatis-01/target/classes/com/ccb/springboot/springbootmybatis01/]]
17:53:38.144 [main] DEBUG org.springframework.core.io.support.PathMatchingResourcePatternResolver - Looking for matching resources in directory tree [C:\Users\Administrator\Desktop\Spring-Boot-Project\springboot-mybatis-01\target\test-classes\com\ccb\springboot\springbootmybatis01]
17:53:38.145 [main] DEBUG org.springframework.core.io.support.PathMatchingResourcePatternResolver - Searching directory [C:\Users\Administrator\Desktop\Spring-Boot-Project\springboot-mybatis-01\target\test-classes\com\ccb\springboot\springbootmybatis01] for files matching pattern [C:/Users/Administrator/Desktop/Spring-Boot-Project/springboot-mybatis-01/target/test-classes/com/ccb/springboot/springbootmybatis01/*.class]
17:53:38.152 [main] DEBUG org.springframework.core.io.support.PathMatchingResourcePatternResolver - Looking for matching resources in directory tree [C:\Users\Administrator\Desktop\Spring-Boot-Project\springboot-mybatis-01\target\classes\com\ccb\springboot\springbootmybatis01]
17:53:38.152 [main] DEBUG org.springframework.core.io.support.PathMatchingResourcePatternResolver - Searching directory [C:\Users\Administrator\Desktop\Spring-Boot-Project\springboot-mybatis-01\target\classes\com\ccb\springboot\springbootmybatis01] for files matching pattern [C:/Users/Administrator/Desktop/Spring-Boot-Project/springboot-mybatis-01/target/classes/com/ccb/springboot/springbootmybatis01/*.class]
17:53:38.153 [main] DEBUG org.springframework.core.io.support.PathMatchingResourcePatternResolver - Resolved location pattern [classpath*:com/ccb/springboot/springbootmybatis01/*.class] to resources [file [C:\Users\Administrator\Desktop\Spring-Boot-Project\springboot-mybatis-01\target\test-classes\com\ccb\springboot\springbootmybatis01\SpringbootMybatis01ApplicationTests.class], file [C:\Users\Administrator\Desktop\Spring-Boot-Project\springboot-mybatis-01\target\classes\com\ccb\springboot\springbootmybatis01\SpringbootMybatis01Application.class]]
17:53:38.505 [main] DEBUG org.springframework.context.annotation.ClassPathScanningCandidateComponentProvider - Identified candidate component class: file [C:\Users\Administrator\Desktop\Spring-Boot-Project\springboot-mybatis-01\target\classes\com\ccb\springboot\springbootmybatis01\SpringbootMybatis01Application.class]
17:53:38.508 [main] INFO org.springframework.boot.test.context.SpringBootTestContextBootstrapper - Found @SpringBootConfiguration com.ccb.springboot.springbootmybatis01.SpringbootMybatis01Application for test class com.ccb.springboot.springbootmybatis01.SpringbootMybatis01ApplicationTests
17:53:39.078 [main] DEBUG org.springframework.boot.test.context.SpringBootTestContextBootstrapper - @TestExecutionListeners is not present for class [com.ccb.springboot.springbootmybatis01.SpringbootMybatis01ApplicationTests]: using defaults.
17:53:39.093 [main] INFO org.springframework.boot.test.context.SpringBootTestContextBootstrapper - Loaded default TestExecutionListener class names from location [META-INF/spring.factories]: [org.springframework.boot.test.mock.mockito.MockitoTestExecutionListener, org.springframework.boot.test.mock.mockito.ResetMocksTestExecutionListener, org.springframework.boot.test.autoconfigure.restdocs.RestDocsTestExecutionListener, org.springframework.boot.test.autoconfigure.web.client.MockRestServiceServerResetTestExecutionListener, org.springframework.boot.test.autoconfigure.web.servlet.MockMvcPrintOnlyOnFailureTestExecutionListener, org.springframework.boot.test.autoconfigure.web.servlet.WebDriverTestExecutionListener, org.springframework.test.context.web.ServletTestExecutionListener, org.springframework.test.context.support.DirtiesContextBeforeModesTestExecutionListener, org.springframework.test.context.support.DependencyInjectionTestExecutionListener, org.springframework.test.context.support.DirtiesContextTestExecutionListener, org.springframework.test.context.transaction.TransactionalTestExecutionListener, org.springframework.test.context.jdbc.SqlScriptsTestExecutionListener]
17:53:39.107 [main] DEBUG org.springframework.boot.test.context.SpringBootTestContextBootstrapper - Skipping candidate TestExecutionListener [org.springframework.test.context.web.ServletTestExecutionListener] due to a missing dependency. Specify custom listener classes or make the default listener classes and their required dependencies available. Offending class: [javax/servlet/ServletContext]
17:53:39.165 [main] INFO org.springframework.boot.test.context.SpringBootTestContextBootstrapper - Using TestExecutionListeners: [org.springframework.test.context.support.DirtiesContextBeforeModesTestExecutionListener@5b7a5baa, org.springframework.boot.test.mock.mockito.MockitoTestExecutionListener@776aec5c, org.springframework.boot.test.autoconfigure.SpringBootDependencyInjectionTestExecutionListener@1d296da, org.springframework.test.context.support.DirtiesContextTestExecutionListener@7c7a06ec, org.springframework.test.context.transaction.TransactionalTestExecutionListener@75d4a5c2, org.springframework.test.context.jdbc.SqlScriptsTestExecutionListener@557caf28, org.springframework.boot.test.mock.mockito.ResetMocksTestExecutionListener@408d971b, org.springframework.boot.test.autoconfigure.restdocs.RestDocsTestExecutionListener@6c6cb480, org.springframework.boot.test.autoconfigure.web.client.MockRestServiceServerResetTestExecutionListener@3c46e67a, org.springframework.boot.test.autoconfigure.web.servlet.MockMvcPrintOnlyOnFailureTestExecutionListener@c730b35, org.springframework.boot.test.autoconfigure.web.servlet.WebDriverTestExecutionListener@206a70ef]
17:53:39.174 [main] DEBUG org.springframework.test.annotation.ProfileValueUtils - Retrieved @ProfileValueSourceConfiguration [null] for test class [com.ccb.springboot.springbootmybatis01.SpringbootMybatis01ApplicationTests]
17:53:39.178 [main] DEBUG org.springframework.test.annotation.ProfileValueUtils - Retrieved ProfileValueSource type [class org.springframework.test.annotation.SystemProfileValueSource] for class [com.ccb.springboot.springbootmybatis01.SpringbootMybatis01ApplicationTests]
17:53:39.186 [main] DEBUG org.springframework.test.annotation.ProfileValueUtils - Retrieved @ProfileValueSourceConfiguration [null] for test class [com.ccb.springboot.springbootmybatis01.SpringbootMybatis01ApplicationTests]
17:53:39.187 [main] DEBUG org.springframework.test.annotation.ProfileValueUtils - Retrieved ProfileValueSource type [class org.springframework.test.annotation.SystemProfileValueSource] for class [com.ccb.springboot.springbootmybatis01.SpringbootMybatis01ApplicationTests]
17:53:39.203 [main] DEBUG org.springframework.test.annotation.ProfileValueUtils - Retrieved @ProfileValueSourceConfiguration [null] for test class [com.ccb.springboot.springbootmybatis01.SpringbootMybatis01ApplicationTests]
17:53:39.204 [main] DEBUG org.springframework.test.annotation.ProfileValueUtils - Retrieved ProfileValueSource type [class org.springframework.test.annotation.SystemProfileValueSource] for class [com.ccb.springboot.springbootmybatis01.SpringbootMybatis01ApplicationTests]
17:53:39.212 [main] DEBUG org.springframework.test.context.support.AbstractDirtiesContextTestExecutionListener - Before test class: context [DefaultTestContext@139982de testClass = SpringbootMybatis01ApplicationTests, testInstance = [null], testMethod = [null], testException = [null], mergedContextConfiguration = [MergedContextConfiguration@682b2fa testClass = SpringbootMybatis01ApplicationTests, locations = '{}', classes = '{class com.ccb.springboot.springbootmybatis01.SpringbootMybatis01Application}', contextInitializerClasses = '[]', activeProfiles = '{}', propertySourceLocations = '{}', propertySourceProperties = '{org.springframework.boot.test.context.SpringBootTestContextBootstrapper=true}', contextCustomizers = set[org.springframework.boot.test.context.filter.ExcludeFilterContextCustomizer@7276c8cd, org.springframework.boot.test.json.DuplicateJsonObjectContextCustomizerFactory$DuplicateJsonObjectContextCustomizer@150c158, org.springframework.boot.test.mock.mockito.MockitoContextCustomizer@0, org.springframework.boot.test.web.client.TestRestTemplateContextCustomizer@2f0a87b3, org.springframework.boot.test.autoconfigure.properties.PropertyMappingContextCustomizer@0, org.springframework.boot.test.autoconfigure.web.servlet.WebDriverContextCustomizerFactory$Customizer@587c290d], contextLoader = 'org.springframework.boot.test.context.SpringBootContextLoader', parent = [null]], attributes = map[[empty]]], class annotated with @DirtiesContext [false] with mode [null].
17:53:39.213 [main] DEBUG org.springframework.test.annotation.ProfileValueUtils - Retrieved @ProfileValueSourceConfiguration [null] for test class [com.ccb.springboot.springbootmybatis01.SpringbootMybatis01ApplicationTests]
17:53:39.214 [main] DEBUG org.springframework.test.annotation.ProfileValueUtils - Retrieved ProfileValueSource type [class org.springframework.test.annotation.SystemProfileValueSource] for class [com.ccb.springboot.springbootmybatis01.SpringbootMybatis01ApplicationTests]
17:53:39.243 [main] DEBUG org.springframework.test.context.support.DependencyInjectionTestExecutionListener - Performing dependency injection for test context [[DefaultTestContext@139982de testClass = SpringbootMybatis01ApplicationTests, testInstance = com.ccb.springboot.springbootmybatis01.SpringbootMybatis01ApplicationTests@6ed3ccb2, testMethod = [null], testException = [null], mergedContextConfiguration = [MergedContextConfiguration@682b2fa testClass = SpringbootMybatis01ApplicationTests, locations = '{}', classes = '{class com.ccb.springboot.springbootmybatis01.SpringbootMybatis01Application}', contextInitializerClasses = '[]', activeProfiles = '{}', propertySourceLocations = '{}', propertySourceProperties = '{org.springframework.boot.test.context.SpringBootTestContextBootstrapper=true}', contextCustomizers = set[org.springframework.boot.test.context.filter.ExcludeFilterContextCustomizer@7276c8cd, org.springframework.boot.test.json.DuplicateJsonObjectContextCustomizerFactory$DuplicateJsonObjectContextCustomizer@150c158, org.springframework.boot.test.mock.mockito.MockitoContextCustomizer@0, org.springframework.boot.test.web.client.TestRestTemplateContextCustomizer@2f0a87b3, org.springframework.boot.test.autoconfigure.properties.PropertyMappingContextCustomizer@0, org.springframework.boot.test.autoconfigure.web.servlet.WebDriverContextCustomizerFactory$Customizer@587c290d], contextLoader = 'org.springframework.boot.test.context.SpringBootContextLoader', parent = [null]], attributes = map[[empty]]]].
17:53:39.334 [main] DEBUG org.springframework.core.env.StandardEnvironment - Adding PropertySource 'systemProperties' with lowest search precedence
17:53:39.334 [main] DEBUG org.springframework.core.env.StandardEnvironment - Adding PropertySource 'systemEnvironment' with lowest search precedence
17:53:39.335 [main] DEBUG org.springframework.core.env.StandardEnvironment - Initialized StandardEnvironment with PropertySources [MapPropertySource@2044215423 {name='systemProperties', properties={idea.version=2018.3, java.runtime.name=Java(TM) SE Runtime Environment, sun.boot.library.path=C:\Program Files\Java\jdk1.8.0_131\jre\bin, java.vm.version=25.131-b11, java.vm.vendor=Oracle Corporation, java.vendor.url=http://java.oracle.com/, path.separator=;, java.vm.name=Java HotSpot(TM) 64-Bit Server VM, file.encoding.pkg=sun.io, user.country=CN, user.script=, sun.java.launcher=SUN_STANDARD, sun.os.patch.level=Service Pack 1, java.vm.specification.name=Java Virtual Machine Specification, user.dir=C:\Users\Administrator\Desktop\Spring-Boot-Project\springboot-mybatis-01, java.runtime.version=1.8.0_131-b11, basedir=C:\Users\Administrator\Desktop\Spring-Boot-Project\springboot-mybatis-01, java.awt.graphicsenv=sun.awt.Win32GraphicsEnvironment, java.endorsed.dirs=C:\Program Files\Java\jdk1.8.0_131\jre\lib\endorsed, os.arch=amd64, surefire.real.class.path=C:\Users\ADMINI~1\AppData\Local\Temp\surefire8151130355159628786\surefirebooter2350240439634159989.jar, java.io.tmpdir=C:\Users\ADMINI~1\AppData\Local\Temp\, line.separator=
, java.vm.specification.vendor=Oracle Corporation, user.variant=, os.name=Windows 7, sun.jnu.encoding=GBK, java.library.path=C:\Program Files\Java\jdk1.8.0_131\jre\bin;C:\Windows\Sun\Java\bin;C:\Windows\system32;C:\Windows;F:\app\Administrator\product\11.2.0\dbhome_1\bin;C:\Program Files\Java\jdk1.8.0_20\bin;C:\Windows\system32;C:\Windows;C:\Windows\system32\wbem;C:\Program Files\TortoiseSVN\bin;C:\Program Files\MySQL\MySQL Server 5.7\bin\;%SystemRoot\system32;C:\Windows;D:\Maven\apache-maven-3.5.0\bin;D:\Program Files\Git\cmd;D:\Programs\Python\Python36\Scripts\;D:\Programs\Python\Python36\;C:\Users\Administrator\AppData\Roaming\npm;., surefire.test.class.path=C:\Users\Administrator\Desktop\Spring-Boot-Project\springboot-mybatis-01\target\test-classes;C:\Users\Administrator\Desktop\Spring-Boot-Project\springboot-mybatis-01\target\classes;D:\Maven\.m2\repository\org\mybatis\spring\boot\mybatis-spring-boot-starter\1.3.2\mybatis-spring-boot-starter-1.3.2.jar;D:\Maven\.m2\repository\org\springframework\boot\spring-boot-starter\2.0.7.RELEASE\spring-boot-starter-2.0.7.RELEASE.jar;D:\Maven\.m2\repository\org\springframework\boot\spring-boot\2.0.7.RELEASE\spring-boot-2.0.7.RELEASE.jar;D:\Maven\.m2\repository\org\springframework\spring-context\5.0.11.RELEASE\spring-context-5.0.11.RELEASE.jar;D:\Maven\.m2\repository\org\springframework\spring-aop\5.0.11.RELEASE\spring-aop-5.0.11.RELEASE.jar;D:\Maven\.m2\repository\org\springframework\spring-expression\5.0.11.RELEASE\spring-expression-5.0.11.RELEASE.jar;D:\Maven\.m2\repository\org\springframework\boot\spring-boot-starter-logging\2.0.7.RELEASE\spring-boot-starter-logging-2.0.7.RELEASE.jar;D:\Maven\.m2\repository\ch\qos\logback\logback-classic\1.2.3\logback-classic-1.2.3.jar;D:\Maven\.m2\repository\ch\qos\logback\logback-core\1.2.3\logback-core-1.2.3.jar;D:\Maven\.m2\repository\org\apache\logging\log4j\log4j-to-slf4j\2.10.0\log4j-to-slf4j-2.10.0.jar;D:\Maven\.m2\repository\org\apache\logging\log4j\log4j-api\2.10.0\log4j-api-2.10.0.jar;D:\Maven\.m2\repository\org\slf4j\jul-to-slf4j\1.7.25\jul-to-slf4j-1.7.25.jar;D:\Maven\.m2\repository\javax\annotation\javax.annotation-api\1.3.2\javax.annotation-api-1.3.2.jar;D:\Maven\.m2\repository\org\yaml\snakeyaml\1.19\snakeyaml-1.19.jar;D:\Maven\.m2\repository\org\springframework\boot\spring-boot-starter-jdbc\2.0.7.RELEASE\spring-boot-starter-jdbc-2.0.7.RELEASE.jar;D:\Maven\.m2\repository\com\zaxxer\HikariCP\2.7.9\HikariCP-2.7.9.jar;D:\Maven\.m2\repository\org\springframework\spring-jdbc\5.0.11.RELEASE\spring-jdbc-5.0.11.RELEASE.jar;D:\Maven\.m2\repository\org\springframework\spring-beans\5.0.11.RELEASE\spring-beans-5.0.11.RELEASE.jar;D:\Maven\.m2\repository\org\springframework\spring-tx\5.0.11.RELEASE\spring-tx-5.0.11.RELEASE.jar;D:\Maven\.m2\repository\org\mybatis\spring\boot\mybatis-spring-boot-autoconfigure\1.3.2\mybatis-spring-boot-autoconfigure-1.3.2.jar;D:\Maven\.m2\repository\org\mybatis\mybatis\3.4.6\mybatis-3.4.6.jar;D:\Maven\.m2\repository\org\mybatis\mybatis-spring\1.3.2\mybatis-spring-1.3.2.jar;D:\Maven\.m2\repository\mysql\mysql-connector-java\5.1.47\mysql-connector-java-5.1.47.jar;D:\Maven\.m2\repository\org\springframework\boot\spring-boot-starter-test\2.0.7.RELEASE\spring-boot-starter-test-2.0.7.RELEASE.jar;D:\Maven\.m2\repository\org\springframework\boot\spring-boot-test\2.0.7.RELEASE\spring-boot-test-2.0.7.RELEASE.jar;D:\Maven\.m2\repository\org\springframework\boot\spring-boot-test-autoconfigure\2.0.7.RELEASE\spring-boot-test-autoconfigure-2.0.7.RELEASE.jar;D:\Maven\.m2\repository\com\jayway\jsonpath\json-path\2.4.0\json-path-2.4.0.jar;D:\Maven\.m2\repository\net\minidev\json-smart\2.3\json-smart-2.3.jar;D:\Maven\.m2\repository\net\minidev\accessors-smart\1.2\accessors-smart-1.2.jar;D:\Maven\.m2\repository\org\ow2\asm\asm\5.0.4\asm-5.0.4.jar;D:\Maven\.m2\repository\junit\junit\4.12\junit-4.12.jar;D:\Maven\.m2\repository\org\assertj\assertj-core\3.9.1\assertj-core-3.9.1.jar;D:\Maven\.m2\repository\org\mockito\mockito-core\2.15.0\mockito-core-2.15.0.jar;D:\Maven\.m2\repository\net\bytebuddy\byte-buddy\1.7.11\byte-buddy-1.7.11.jar;D:\Maven\.m2\repository\net\bytebuddy\byte-buddy-agent\1.7.11\byte-buddy-agent-1.7.11.jar;D:\Maven\.m2\repository\org\objenesis\objenesis\2.6\objenesis-2.6.jar;D:\Maven\.m2\repository\org\hamcrest\hamcrest-core\1.3\hamcrest-core-1.3.jar;D:\Maven\.m2\repository\org\hamcrest\hamcrest-library\1.3\hamcrest-library-1.3.jar;D:\Maven\.m2\repository\org\skyscreamer\jsonassert\1.5.0\jsonassert-1.5.0.jar;D:\Maven\.m2\repository\com\vaadin\external\google\android-json\0.0.20131108.vaadin1\android-json-0.0.20131108.vaadin1.jar;D:\Maven\.m2\repository\org\springframework\spring-core\5.0.11.RELEASE\spring-core-5.0.11.RELEASE.jar;D:\Maven\.m2\repository\org\springframework\spring-jcl\5.0.11.RELEASE\spring-jcl-5.0.11.RELEASE.jar;D:\Maven\.m2\repository\org\springframework\spring-test\5.0.11.RELEASE\spring-test-5.0.11.RELEASE.jar;D:\Maven\.m2\repository\org\xmlunit\xmlunit-core\2.5.1\xmlunit-core-2.5.1.jar;D:\Maven\.m2\repository\com\alibaba\druid-spring-boot-starter\1.1.9\druid-spring-boot-starter-1.1.9.jar;D:\Maven\.m2\repository\com\alibaba\druid\1.1.9\druid-1.1.9.jar;D:\Maven\.m2\repository\org\slf4j\slf4j-api\1.7.25\slf4j-api-1.7.25.jar;D:\Maven\.m2\repository\org\springframework\boot\spring-boot-autoconfigure\2.0.7.RELEASE\spring-boot-autoconfigure-2.0.7.RELEASE.jar;, java.specification.name=Java Platform API Specification, java.class.version=52.0, sun.management.compiler=HotSpot 64-Bit Tiered Compilers, os.version=6.1, user.home=C:\Users\Administrator, user.timezone=Asia/Shanghai, java.awt.printerjob=sun.awt.windows.WPrinterJob, file.encoding=GBK, java.specification.version=1.8, java.class.path=C:\Users\Administrator\Desktop\Spring-Boot-Project\springboot-mybatis-01\target\test-classes;C:\Users\Administrator\Desktop\Spring-Boot-Project\springboot-mybatis-01\target\classes;D:\Maven\.m2\repository\org\mybatis\spring\boot\mybatis-spring-boot-starter\1.3.2\mybatis-spring-boot-starter-1.3.2.jar;D:\Maven\.m2\repository\org\springframework\boot\spring-boot-starter\2.0.7.RELEASE\spring-boot-starter-2.0.7.RELEASE.jar;D:\Maven\.m2\repository\org\springframework\boot\spring-boot\2.0.7.RELEASE\spring-boot-2.0.7.RELEASE.jar;D:\Maven\.m2\repository\org\springframework\spring-context\5.0.11.RELEASE\spring-context-5.0.11.RELEASE.jar;D:\Maven\.m2\repository\org\springframework\spring-aop\5.0.11.RELEASE\spring-aop-5.0.11.RELEASE.jar;D:\Maven\.m2\repository\org\springframework\spring-expression\5.0.11.RELEASE\spring-expression-5.0.11.RELEASE.jar;D:\Maven\.m2\repository\org\springframework\boot\spring-boot-starter-logging\2.0.7.RELEASE\spring-boot-starter-logging-2.0.7.RELEASE.jar;D:\Maven\.m2\repository\ch\qos\logback\logback-classic\1.2.3\logback-classic-1.2.3.jar;D:\Maven\.m2\repository\ch\qos\logback\logback-core\1.2.3\logback-core-1.2.3.jar;D:\Maven\.m2\repository\org\apache\logging\log4j\log4j-to-slf4j\2.10.0\log4j-to-slf4j-2.10.0.jar;D:\Maven\.m2\repository\org\apache\logging\log4j\log4j-api\2.10.0\log4j-api-2.10.0.jar;D:\Maven\.m2\repository\org\slf4j\jul-to-slf4j\1.7.25\jul-to-slf4j-1.7.25.jar;D:\Maven\.m2\repository\javax\annotation\javax.annotation-api\1.3.2\javax.annotation-api-1.3.2.jar;D:\Maven\.m2\repository\org\yaml\snakeyaml\1.19\snakeyaml-1.19.jar;D:\Maven\.m2\repository\org\springframework\boot\spring-boot-starter-jdbc\2.0.7.RELEASE\spring-boot-starter-jdbc-2.0.7.RELEASE.jar;D:\Maven\.m2\repository\com\zaxxer\HikariCP\2.7.9\HikariCP-2.7.9.jar;D:\Maven\.m2\repository\org\springframework\spring-jdbc\5.0.11.RELEASE\spring-jdbc-5.0.11.RELEASE.jar;D:\Maven\.m2\repository\org\springframework\spring-beans\5.0.11.RELEASE\spring-beans-5.0.11.RELEASE.jar;D:\Maven\.m2\repository\org\springframework\spring-tx\5.0.11.RELEASE\spring-tx-5.0.11.RELEASE.jar;D:\Maven\.m2\repository\org\mybatis\spring\boot\mybatis-spring-boot-autoconfigure\1.3.2\mybatis-spring-boot-autoconfigure-1.3.2.jar;D:\Maven\.m2\repository\org\mybatis\mybatis\3.4.6\mybatis-3.4.6.jar;D:\Maven\.m2\repository\org\mybatis\mybatis-spring\1.3.2\mybatis-spring-1.3.2.jar;D:\Maven\.m2\repository\mysql\mysql-connector-java\5.1.47\mysql-connector-java-5.1.47.jar;D:\Maven\.m2\repository\org\springframework\boot\spring-boot-starter-test\2.0.7.RELEASE\spring-boot-starter-test-2.0.7.RELEASE.jar;D:\Maven\.m2\repository\org\springframework\boot\spring-boot-test\2.0.7.RELEASE\spring-boot-test-2.0.7.RELEASE.jar;D:\Maven\.m2\repository\org\springframework\boot\spring-boot-test-autoconfigure\2.0.7.RELEASE\spring-boot-test-autoconfigure-2.0.7.RELEASE.jar;D:\Maven\.m2\repository\com\jayway\jsonpath\json-path\2.4.0\json-path-2.4.0.jar;D:\Maven\.m2\repository\net\minidev\json-smart\2.3\json-smart-2.3.jar;D:\Maven\.m2\repository\net\minidev\accessors-smart\1.2\accessors-smart-1.2.jar;D:\Maven\.m2\repository\org\ow2\asm\asm\5.0.4\asm-5.0.4.jar;D:\Maven\.m2\repository\junit\junit\4.12\junit-4.12.jar;D:\Maven\.m2\repository\org\assertj\assertj-core\3.9.1\assertj-core-3.9.1.jar;D:\Maven\.m2\repository\org\mockito\mockito-core\2.15.0\mockito-core-2.15.0.jar;D:\Maven\.m2\repository\net\bytebuddy\byte-buddy\1.7.11\byte-buddy-1.7.11.jar;D:\Maven\.m2\repository\net\bytebuddy\byte-buddy-agent\1.7.11\byte-buddy-agent-1.7.11.jar;D:\Maven\.m2\repository\org\objenesis\objenesis\2.6\objenesis-2.6.jar;D:\Maven\.m2\repository\org\hamcrest\hamcrest-core\1.3\hamcrest-core-1.3.jar;D:\Maven\.m2\repository\org\hamcrest\hamcrest-library\1.3\hamcrest-library-1.3.jar;D:\Maven\.m2\repository\org\skyscreamer\jsonassert\1.5.0\jsonassert-1.5.0.jar;D:\Maven\.m2\repository\com\vaadin\external\google\android-json\0.0.20131108.vaadin1\android-json-0.0.20131108.vaadin1.jar;D:\Maven\.m2\repository\org\springframework\spring-core\5.0.11.RELEASE\spring-core-5.0.11.RELEASE.jar;D:\Maven\.m2\repository\org\springframework\spring-jcl\5.0.11.RELEASE\spring-jcl-5.0.11.RELEASE.jar;D:\Maven\.m2\repository\org\springframework\spring-test\5.0.11.RELEASE\spring-test-5.0.11.RELEASE.jar;D:\Maven\.m2\repository\org\xmlunit\xmlunit-core\2.5.1\xmlunit-core-2.5.1.jar;D:\Maven\.m2\repository\com\alibaba\druid-spring-boot-starter\1.1.9\druid-spring-boot-starter-1.1.9.jar;D:\Maven\.m2\repository\com\alibaba\druid\1.1.9\druid-1.1.9.jar;D:\Maven\.m2\repository\org\slf4j\slf4j-api\1.7.25\slf4j-api-1.7.25.jar;D:\Maven\.m2\repository\org\springframework\boot\spring-boot-autoconfigure\2.0.7.RELEASE\spring-boot-autoconfigure-2.0.7.RELEASE.jar;, user.name=Administrator, java.vm.specification.version=1.8, sun.java.command=C:\Users\ADMINI~1\AppData\Local\Temp\surefire8151130355159628786\surefirebooter2350240439634159989.jar C:\Users\Administrator\AppData\Local\Temp\surefire8151130355159628786 2018-12-12T17-53-30_001-jvmRun1 surefire4289793941222093211tmp surefire_04895210470924724695tmp, java.home=C:\Program Files\Java\jdk1.8.0_131\jre, sun.arch.data.model=64, user.language=zh, java.specification.vendor=Oracle Corporation, awt.toolkit=sun.awt.windows.WToolkit, java.vm.info=mixed mode, java.version=1.8.0_131, java.ext.dirs=C:\Program Files\Java\jdk1.8.0_131\jre\lib\ext;C:\Windows\Sun\Java\lib\ext, sun.boot.class.path=C:\Program Files\Java\jdk1.8.0_131\jre\lib\resources.jar;C:\Program Files\Java\jdk1.8.0_131\jre\lib\rt.jar;C:\Program Files\Java\jdk1.8.0_131\jre\lib\sunrsasign.jar;C:\Program Files\Java\jdk1.8.0_131\jre\lib\jsse.jar;C:\Program Files\Java\jdk1.8.0_131\jre\lib\jce.jar;C:\Program Files\Java\jdk1.8.0_131\jre\lib\charsets.jar;C:\Program Files\Java\jdk1.8.0_131\jre\lib\jfr.jar;C:\Program Files\Java\jdk1.8.0_131\jre\classes, java.vendor=Oracle Corporation, localRepository=D:\Maven\.m2\repository, file.separator=\, java.vendor.url.bug=http://bugreport.sun.com/bugreport/, sun.io.unicode.encoding=UnicodeLittle, sun.cpu.endian=little, sun.desktop=windows, sun.cpu.isalist=amd64}}, SystemEnvironmentPropertySource@1606304070 {name='systemEnvironment', properties={PATH=F:\app\Administrator\product\11.2.0\dbhome_1\bin;C:\Program Files\Java\jdk1.8.0_20\bin;C:\Windows\system32;C:\Windows;C:\Windows\system32\wbem;C:\Program Files\TortoiseSVN\bin;C:\Program Files\MySQL\MySQL Server 5.7\bin\;%SystemRoot\system32;C:\Windows;D:\Maven\apache-maven-3.5.0\bin;D:\Program Files\Git\cmd;D:\Programs\Python\Python36\Scripts\;D:\Programs\Python\Python36\;C:\Users\Administrator\AppData\Roaming\npm, LOCALAPPDATA=C:\Users\Administrator\AppData\Local, PROCESSOR_LEVEL=6, SYSTEMDRIVE=C:, COMMONPROGRAMFILES(X86)=C:\Program Files (x86)\Common Files, FP_NO_HOST_CHECK=NO, USERDOMAIN=DEEP-1706091655, LOGONSERVER=\\DEEP-1706091655, JAVA_HOME=C:\Program Files\Java\jdk1.8.0_20, PROMPT=$P$G, SESSIONNAME=Console, ALLUSERSPROFILE=C:\ProgramData, PROGRAMFILES(X86)=C:\Program Files (x86), PROCESSOR_ARCHITECTURE=AMD64, ANT_HOME=D:\apache-ant-1.10.1, MAVEN_HOME=D:\Maven\apache-maven-3.5.0, PROGRAMFILES=C:\Program Files, WINDOWS_TRACING_FLAGS=3, =C:=C:\Users\Administrator\Desktop\Spring-Boot-Project\springboot-mybatis-01, APPDATA=C:\Users\Administrator\AppData\Roaming, PSMODULEPATH=C:\Windows\system32\WindowsPowerShell\v1.0\Modules\, PROGRAMW6432=C:\Program Files, PROGRAMDATA=C:\ProgramData, SYSTEMROOT=C:\Windows, USERNAME=Administrator, TOMCAT_HOME=C:\Program Files\Apache Software Foundation\Tomcat 7.0, PATHEXT=.COM;.EXE;.BAT;.CMD;.VBS;.VBE;.JS;.JSE;.WSF;.WSH;.MSC, OS=Windows_NT, COMMONPROGRAMW6432=C:\Program Files\Common Files, COMPUTERNAME=DEEP-1706091655, COMMONPROGRAMFILES=C:\Program Files\Common Files, COMSPEC=C:\Windows\system32\cmd.exe, PROCESSOR_REVISION=2505, CLASSPATH=.;C:\Program Files\Java\jdk1.8.0_20\lib;C:\Program Files\Java\jdk1.8.0_20\lib\tools.jar, DEVMGR_SHOW_DETAILS=1, WINDIR=C:\Windows, HOMEPATH=\Users\Administrator, TEMP=C:\Users\ADMINI~1\AppData\Local\Temp, HOMEDRIVE=C:, PROCESSOR_IDENTIFIER=Intel64 Family 6 Model 37 Stepping 5, GenuineIntel, USERPROFILE=C:\Users\Administrator, TMP=C:\Users\ADMINI~1\AppData\Local\Temp, WINDOWS_TRACING_LOGFILE=C:\BVTBin\Tests\installpackage\csilogfile.log, PUBLIC=C:\Users\Public, NUMBER_OF_PROCESSORS=4}}]
17:53:39.352 [main] DEBUG org.springframework.test.context.support.TestPropertySourceUtils - Adding inlined properties to environment: {spring.jmx.enabled=false, org.springframework.boot.test.context.SpringBootTestContextBootstrapper=true, server.port=-1}
17:53:39.353 [main] DEBUG org.springframework.core.env.StandardEnvironment - Adding PropertySource 'Inlined Test Properties' with highest search precedence

  .   ____          _            __ _ _
 /\\ / ___'_ __ _ _(_)_ __  __ _ \ \ \ \
( ( )\___ | '_ | '_| | '_ \/ _` | \ \ \ \
 \\/  ___)| |_)| | | | | || (_| |  ) ) ) )
  '  |____| .__|_| |_|_| |_\__, | / / / /
 =========|_|==============|___/=/_/_/_/
 :: Spring Boot ::        (v2.0.7.RELEASE)

2018-12-12 17:53:40.253  INFO 12848 --- [           main] .s.s.SpringbootMybatis01ApplicationTests : Starting SpringbootMybatis01ApplicationTests on DEEP-1706091655 with PID 12848 (started by Administrator in C:\Users\Administrator\Desktop\Spring-Boot-Project\springboot-mybatis-01)
2018-12-12 17:53:40.258  INFO 12848 --- [           main] .s.s.SpringbootMybatis01ApplicationTests : No active profile set, falling back to default profiles: default
2018-12-12 17:53:40.373  INFO 12848 --- [           main] s.c.a.AnnotationConfigApplicationContext : Refreshing org.springframework.context.annotation.AnnotationConfigApplicationContext@4145bad8: startup date [Wed Dec 12 17:53:40 CST 2018]; root of context hierarchy
2018-12-12 17:53:41.585  WARN 12848 --- [           main] o.m.s.mapper.ClassPathMapperScanner      : No MyBatis mapper was found in '[com.ccb.springboot.springbootmybatis01]' package. Please check your configuration.
2018-12-12 17:53:42.847  INFO 12848 --- [           main] c.a.d.s.b.a.DruidDataSourceAutoConfigure : Init DruidDataSource
2018-12-12 17:53:43.132  WARN 12848 --- [           main] s.c.a.AnnotationConfigApplicationContext : Exception encountered during context initialization - cancelling refresh attempt: org.springframework.beans.factory.BeanCreationException: Error creating bean with name 'dataSource' defined in class path resource [com/alibaba/druid/spring/boot/autoconfigure/DruidDataSourceAutoConfigure.class]: Invocation of init method failed; nested exception is org.springframework.boot.autoconfigure.jdbc.DataSourceProperties$DataSourceBeanCreationException: Failed to determine a suitable driver class
2018-12-12 17:53:43.149  INFO 12848 --- [           main] ConditionEvaluationReportLoggingListener : 

Error starting ApplicationContext. To display the conditions report re-run your application with 'debug' enabled.
2018-12-12 17:53:43.157 ERROR 12848 --- [           main] o.s.b.d.LoggingFailureAnalysisReporter   : 

***************************
APPLICATION FAILED TO START
***************************

Description:

Failed to configure a DataSource: 'url' attribute is not specified and no embedded datasource could be configured.

Reason: Failed to determine a suitable driver class


Action:

Consider the following:
	If you want an embedded database (H2, HSQL or Derby), please put it on the classpath.
	If you have database settings to be loaded from a particular profile you may need to activate it (no profiles are currently active).


  .   ____          _            __ _ _
 /\\ / ___'_ __ _ _(_)_ __  __ _ \ \ \ \
( ( )\___ | '_ | '_| | '_ \/ _` | \ \ \ \
 \\/  ___)| |_)| | | | | || (_| |  ) ) ) )
  '  |____| .__|_| |_|_| |_\__, | / / / /
 =========|_|==============|___/=/_/_/_/
 :: Spring Boot ::        (v2.0.7.RELEASE)

2018-12-12 17:53:43.258  INFO 12848 --- [           main] .s.s.SpringbootMybatis01ApplicationTests : Starting SpringbootMybatis01ApplicationTests on DEEP-1706091655 with PID 12848 (started by Administrator in C:\Users\Administrator\Desktop\Spring-Boot-Project\springboot-mybatis-01)
2018-12-12 17:53:43.259  INFO 12848 --- [           main] .s.s.SpringbootMybatis01ApplicationTests : No active profile set, falling back to default profiles: default
2018-12-12 17:53:43.269  INFO 12848 --- [           main] s.c.a.AnnotationConfigApplicationContext : Refreshing org.springframework.context.annotation.AnnotationConfigApplicationContext@7e985ce9: startup date [Wed Dec 12 17:53:43 CST 2018]; root of context hierarchy
2018-12-12 17:53:43.693  WARN 12848 --- [           main] o.m.s.mapper.ClassPathMapperScanner      : No MyBatis mapper was found in '[com.ccb.springboot.springbootmybatis01]' package. Please check your configuration.
2018-12-12 17:53:44.120  INFO 12848 --- [           main] c.a.d.s.b.a.DruidDataSourceAutoConfigure : Init DruidDataSource
2018-12-12 17:53:44.239  WARN 12848 --- [           main] s.c.a.AnnotationConfigApplicationContext : Exception encountered during context initialization - cancelling refresh attempt: org.springframework.beans.factory.BeanCreationException: Error creating bean with name 'dataSource' defined in class path resource [com/alibaba/druid/spring/boot/autoconfigure/DruidDataSourceAutoConfigure.class]: Invocation of init method failed; nested exception is org.springframework.boot.autoconfigure.jdbc.DataSourceProperties$DataSourceBeanCreationException: Failed to determine a suitable driver class
2018-12-12 17:53:44.249  INFO 12848 --- [           main] ConditionEvaluationReportLoggingListener : 

Error starting ApplicationContext. To display the conditions report re-run your application with 'debug' enabled.
2018-12-12 17:53:44.252 ERROR 12848 --- [           main] o.s.b.d.LoggingFailureAnalysisReporter   : 

***************************
APPLICATION FAILED TO START
***************************

Description:

Failed to configure a DataSource: 'url' attribute is not specified and no embedded datasource could be configured.

Reason: Failed to determine a suitable driver class


Action:

Consider the following:
	If you want an embedded database (H2, HSQL or Derby), please put it on the classpath.
	If you have database settings to be loaded from a particular profile you may need to activate it (no profiles are currently active).

2018-12-12 17:53:44.292 ERROR 12848 --- [           main] o.s.test.context.TestContextManager      : Caught exception while allowing TestExecutionListener [org.springframework.boot.test.autoconfigure.SpringBootDependencyInjectionTestExecutionListener@1d296da] to prepare test instance [com.ccb.springboot.springbootmybatis01.SpringbootMybatis01ApplicationTests@6ed3ccb2]

java.lang.IllegalStateException: Failed to load ApplicationContext
	at org.springframework.test.context.cache.DefaultCacheAwareContextLoaderDelegate.loadContext(DefaultCacheAwareContextLoaderDelegate.java:125) ~[spring-test-5.0.11.RELEASE.jar:5.0.11.RELEASE]
	at org.springframework.test.context.support.DefaultTestContext.getApplicationContext(DefaultTestContext.java:108) ~[spring-test-5.0.11.RELEASE.jar:5.0.11.RELEASE]
	at org.springframework.test.context.support.DependencyInjectionTestExecutionListener.injectDependencies(DependencyInjectionTestExecutionListener.java:117) ~[spring-test-5.0.11.RELEASE.jar:5.0.11.RELEASE]
	at org.springframework.test.context.support.DependencyInjectionTestExecutionListener.prepareTestInstance(DependencyInjectionTestExecutionListener.java:83) ~[spring-test-5.0.11.RELEASE.jar:5.0.11.RELEASE]
	at org.springframework.boot.test.autoconfigure.SpringBootDependencyInjectionTestExecutionListener.prepareTestInstance(SpringBootDependencyInjectionTestExecutionListener.java:44) ~[spring-boot-test-autoconfigure-2.0.7.RELEASE.jar:2.0.7.RELEASE]
	at org.springframework.test.context.TestContextManager.prepareTestInstance(TestContextManager.java:246) ~[spring-test-5.0.11.RELEASE.jar:5.0.11.RELEASE]
	at org.springframework.test.context.junit4.SpringJUnit4ClassRunner.createTest(SpringJUnit4ClassRunner.java:227) [spring-test-5.0.11.RELEASE.jar:5.0.11.RELEASE]
	at org.springframework.test.context.junit4.SpringJUnit4ClassRunner$1.runReflectiveCall(SpringJUnit4ClassRunner.java:289) [spring-test-5.0.11.RELEASE.jar:5.0.11.RELEASE]
	at org.junit.internal.runners.model.ReflectiveCallable.run(ReflectiveCallable.java:12) [junit-4.12.jar:4.12]
	at org.springframework.test.context.junit4.SpringJUnit4ClassRunner.methodBlock(SpringJUnit4ClassRunner.java:291) [spring-test-5.0.11.RELEASE.jar:5.0.11.RELEASE]
	at org.springframework.test.context.junit4.SpringJUnit4ClassRunner.runChild(SpringJUnit4ClassRunner.java:246) [spring-test-5.0.11.RELEASE.jar:5.0.11.RELEASE]
	at org.springframework.test.context.junit4.SpringJUnit4ClassRunner.runChild(SpringJUnit4ClassRunner.java:97) [spring-test-5.0.11.RELEASE.jar:5.0.11.RELEASE]
	at org.junit.runners.ParentRunner$3.run(ParentRunner.java:290) [junit-4.12.jar:4.12]
	at org.junit.runners.ParentRunner$1.schedule(ParentRunner.java:71) [junit-4.12.jar:4.12]
	at org.junit.runners.ParentRunner.runChildren(ParentRunner.java:288) [junit-4.12.jar:4.12]
	at org.junit.runners.ParentRunner.access$000(ParentRunner.java:58) [junit-4.12.jar:4.12]
	at org.junit.runners.ParentRunner$2.evaluate(ParentRunner.java:268) [junit-4.12.jar:4.12]
	at org.springframework.test.context.junit4.statements.RunBeforeTestClassCallbacks.evaluate(RunBeforeTestClassCallbacks.java:61) [spring-test-5.0.11.RELEASE.jar:5.0.11.RELEASE]
	at org.springframework.test.context.junit4.statements.RunAfterTestClassCallbacks.evaluate(RunAfterTestClassCallbacks.java:70) [spring-test-5.0.11.RELEASE.jar:5.0.11.RELEASE]
	at org.junit.runners.ParentRunner.run(ParentRunner.java:363) [junit-4.12.jar:4.12]
	at org.springframework.test.context.junit4.SpringJUnit4ClassRunner.run(SpringJUnit4ClassRunner.java:190) [spring-test-5.0.11.RELEASE.jar:5.0.11.RELEASE]
	at org.apache.maven.surefire.junit4.JUnit4Provider.execute(JUnit4Provider.java:365) [surefire-junit4-2.21.0.jar:2.21.0]
	at org.apache.maven.surefire.junit4.JUnit4Provider.executeWithRerun(JUnit4Provider.java:273) [surefire-junit4-2.21.0.jar:2.21.0]
	at org.apache.maven.surefire.junit4.JUnit4Provider.executeTestSet(JUnit4Provider.java:238) [surefire-junit4-2.21.0.jar:2.21.0]
	at org.apache.maven.surefire.junit4.JUnit4Provider.invoke(JUnit4Provider.java:159) [surefire-junit4-2.21.0.jar:2.21.0]
	at org.apache.maven.surefire.booter.ForkedBooter.invokeProviderInSameClassLoader(ForkedBooter.java:379) [surefire-booter-2.21.0.jar:2.21.0]
	at org.apache.maven.surefire.booter.ForkedBooter.runSuitesInProcess(ForkedBooter.java:340) [surefire-booter-2.21.0.jar:2.21.0]
	at org.apache.maven.surefire.booter.ForkedBooter.execute(ForkedBooter.java:125) [surefire-booter-2.21.0.jar:2.21.0]
	at org.apache.maven.surefire.booter.ForkedBooter.main(ForkedBooter.java:413) [surefire-booter-2.21.0.jar:2.21.0]
Caused by: org.springframework.beans.factory.BeanCreationException: Error creating bean with name 'dataSource' defined in class path resource [com/alibaba/druid/spring/boot/autoconfigure/DruidDataSourceAutoConfigure.class]: Invocation of init method failed; nested exception is org.springframework.boot.autoconfigure.jdbc.DataSourceProperties$DataSourceBeanCreationException: Failed to determine a suitable driver class
	at org.springframework.beans.factory.support.AbstractAutowireCapableBeanFactory.initializeBean(AbstractAutowireCapableBeanFactory.java:1694) ~[spring-beans-5.0.11.RELEASE.jar:5.0.11.RELEASE]
	at org.springframework.beans.factory.support.AbstractAutowireCapableBeanFactory.doCreateBean(AbstractAutowireCapableBeanFactory.java:573) ~[spring-beans-5.0.11.RELEASE.jar:5.0.11.RELEASE]
	at org.springframework.beans.factory.support.AbstractAutowireCapableBeanFactory.createBean(AbstractAutowireCapableBeanFactory.java:495) ~[spring-beans-5.0.11.RELEASE.jar:5.0.11.RELEASE]
	at org.springframework.beans.factory.support.AbstractBeanFactory.lambda$doGetBean$0(AbstractBeanFactory.java:317) ~[spring-beans-5.0.11.RELEASE.jar:5.0.11.RELEASE]
	at org.springframework.beans.factory.support.DefaultSingletonBeanRegistry.getSingleton(DefaultSingletonBeanRegistry.java:222) ~[spring-beans-5.0.11.RELEASE.jar:5.0.11.RELEASE]
	at org.springframework.beans.factory.support.AbstractBeanFactory.doGetBean(AbstractBeanFactory.java:315) ~[spring-beans-5.0.11.RELEASE.jar:5.0.11.RELEASE]
	at org.springframework.beans.factory.support.AbstractBeanFactory.getBean(AbstractBeanFactory.java:199) ~[spring-beans-5.0.11.RELEASE.jar:5.0.11.RELEASE]
	at org.springframework.beans.factory.support.DefaultListableBeanFactory.preInstantiateSingletons(DefaultListableBeanFactory.java:759) ~[spring-beans-5.0.11.RELEASE.jar:5.0.11.RELEASE]
	at org.springframework.context.support.AbstractApplicationContext.finishBeanFactoryInitialization(AbstractApplicationContext.java:867) ~[spring-context-5.0.11.RELEASE.jar:5.0.11.RELEASE]
	at org.springframework.context.support.AbstractApplicationContext.refresh(AbstractApplicationContext.java:548) ~[spring-context-5.0.11.RELEASE.jar:5.0.11.RELEASE]
	at org.springframework.boot.SpringApplication.refresh(SpringApplication.java:754) ~[spring-boot-2.0.7.RELEASE.jar:2.0.7.RELEASE]
	at org.springframework.boot.SpringApplication.refreshContext(SpringApplication.java:386) ~[spring-boot-2.0.7.RELEASE.jar:2.0.7.RELEASE]
	at org.springframework.boot.SpringApplication.run(SpringApplication.java:307) ~[spring-boot-2.0.7.RELEASE.jar:2.0.7.RELEASE]
	at org.springframework.boot.test.context.SpringBootContextLoader.loadContext(SpringBootContextLoader.java:127) ~[spring-boot-test-2.0.7.RELEASE.jar:2.0.7.RELEASE]
	at org.springframework.test.context.cache.DefaultCacheAwareContextLoaderDelegate.loadContextInternal(DefaultCacheAwareContextLoaderDelegate.java:99) ~[spring-test-5.0.11.RELEASE.jar:5.0.11.RELEASE]
	at org.springframework.test.context.cache.DefaultCacheAwareContextLoaderDelegate.loadContext(DefaultCacheAwareContextLoaderDelegate.java:117) ~[spring-test-5.0.11.RELEASE.jar:5.0.11.RELEASE]
	... 28 common frames omitted
Caused by: org.springframework.boot.autoconfigure.jdbc.DataSourceProperties$DataSourceBeanCreationException: Failed to determine a suitable driver class
	at org.springframework.boot.autoconfigure.jdbc.DataSourceProperties.determineDriverClassName(DataSourceProperties.java:236) ~[spring-boot-autoconfigure-2.0.7.RELEASE.jar:2.0.7.RELEASE]
	at org.springframework.boot.autoconfigure.jdbc.DataSourceProperties.determineUsername(DataSourceProperties.java:333) ~[spring-boot-autoconfigure-2.0.7.RELEASE.jar:2.0.7.RELEASE]
	at com.alibaba.druid.spring.boot.autoconfigure.DruidDataSourceWrapper.afterPropertiesSet(DruidDataSourceWrapper.java:45) ~[druid-spring-boot-starter-1.1.9.jar:na]
	at org.springframework.beans.factory.support.AbstractAutowireCapableBeanFactory.invokeInitMethods(AbstractAutowireCapableBeanFactory.java:1753) ~[spring-beans-5.0.11.RELEASE.jar:5.0.11.RELEASE]
	at org.springframework.beans.factory.support.AbstractAutowireCapableBeanFactory.initializeBean(AbstractAutowireCapableBeanFactory.java:1690) ~[spring-beans-5.0.11.RELEASE.jar:5.0.11.RELEASE]
	... 43 common frames omitted

]]></system-out>
  </testcase>
</testsuite>